<?xml version="1.0" encoding="UTF-8"?>
<testng-results ignored="0" total="2" passed="2" failed="0" skipped="0">
  <reporter-output>
  </reporter-output>
  <suite started-at="2024-06-27T19:14:00 IST" name="Default suite" finished-at="2024-06-27T19:15:25 IST" duration-ms="85433">
    <groups>
    </groups>
    <test started-at="2024-06-27T19:14:00 IST" name="Default test" finished-at="2024-06-27T19:15:25 IST" duration-ms="85433">
      <class name="SmitchCare.SmitchCareHybridApp">
        <test-method is-config="true" signature="test1()[pri:0, instance:SmitchCare.SmitchCareHybridApp@17497425]" started-at="2024-06-27T19:14:00 IST" name="test1" finished-at="2024-06-27T19:14:11 IST" duration-ms="11673" status="PASS">
          <reporter-output>
          </reporter-output>
        </test-method> <!-- test1 -->
        <test-method signature="login()[pri:1, instance:SmitchCare.SmitchCareHybridApp@17497425]" started-at="2024-06-27T19:14:11 IST" name="login" finished-at="2024-06-27T19:14:12 IST" duration-ms="1130" status="PASS">
          <reporter-output>
          </reporter-output>
        </test-method> <!-- login -->
        <test-method signature="moodFunctionality()[pri:2, instance:SmitchCare.SmitchCareHybridApp@17497425]" started-at="2024-06-27T19:14:12 IST" name="moodFunctionality" finished-at="2024-06-27T19:15:25 IST" duration-ms="72592" status="PASS">
          <reporter-output>
          </reporter-output>
        </test-method> <!-- moodFunctionality -->
      </class> <!-- SmitchCare.SmitchCareHybridApp -->
    </test> <!-- Default test -->
  </suite> <!-- Default suite -->
</testng-results>
